<?xml version="1.0" encoding="UTF-8"?>
<testng-results skipped="0" failed="0" ignored="0" total="1" passed="1">
  <reporter-output>
  </reporter-output>
  <suite name="Suite" duration-ms="7791" started-at="2018-12-29T15:58:08Z" finished-at="2018-12-29T15:58:16Z">
    <groups>
    </groups>
    <test name="Test" duration-ms="7791" started-at="2018-12-29T15:58:08Z" finished-at="2018-12-29T15:58:16Z">
      <class name="com.mavenTestNG.BaseClass">
        <test-method status="PASS" signature="setUp()[pri:0, instance:com.mavenTestNG.BaseClass@67205a84]" name="setUp" is-config="true" duration-ms="4200" started-at="2018-12-29T15:58:08Z" finished-at="2018-12-29T15:58:12Z">
          <reporter-output>
          </reporter-output>
        </test-method> <!-- setUp -->
        <test-method status="PASS" signature="setUp()[pri:0, instance:com.mavenTestNG.BaseClass@67205a84]" name="setUp" duration-ms="3568" started-at="2018-12-29T15:58:12Z" finished-at="2018-12-29T15:58:16Z">
          <reporter-output>
          </reporter-output>
        </test-method> <!-- setUp -->
      </class> <!-- com.mavenTestNG.BaseClass -->
    </test> <!-- Test -->
  </suite> <!-- Suite -->
</testng-results>
