<?xml version="1.0" encoding="UTF-8"?>
<testng-results skipped="0" failed="0" ignored="0" total="1" passed="1">
  <reporter-output>
  </reporter-output>
  <suite name="Default suite" duration-ms="5550" started-at="2018-12-29T15:48:25Z" finished-at="2018-12-29T15:48:31Z">
    <groups>
    </groups>
    <test name="Default test" duration-ms="5550" started-at="2018-12-29T15:48:25Z" finished-at="2018-12-29T15:48:31Z">
      <class name="com.mavenTestNG.BaseClass">
        <test-method status="PASS" signature="setUp()[pri:0, instance:com.mavenTestNG.BaseClass@77ec78b9]" name="setUp" duration-ms="5523" started-at="2018-12-29T15:48:25Z" finished-at="2018-12-29T15:48:31Z">
          <reporter-output>
          </reporter-output>
        </test-method> <!-- setUp -->
      </class> <!-- com.mavenTestNG.BaseClass -->
    </test> <!-- Default test -->
  </suite> <!-- Default suite -->
</testng-results>
